{
  "stats": {
    "suites": 1,
    "tests": 4,
    "passes": 4,
    "pending": 0,
    "failures": 0,
    "start": "2022-08-03T00:14:03.664Z",
    "end": "2022-08-03T00:14:03.957Z",
    "duration": 293,
    "testsRegistered": 4,
    "passPercent": 100,
    "pendingPercent": 0,
    "other": 0,
    "hasOther": false,
    "skipped": 0,
    "hasSkipped": false
  },
  "results": [
    {
      "uuid": "c8546058-0356-4ff7-bb82-53a8b6b14ce2",
      "title": "",
      "fullFile": "cypress/integration/10.TestCoverage_spec.js",
      "file": "cypress/integration/10.TestCoverage_spec.js",
      "beforeHooks": [],
      "afterHooks": [],
      "tests": [],
      "suites": [
        {
          "uuid": "095355bd-0708-4a0e-99ad-33a996142b71",
          "title": "10 - Desenvolva testes para atingir 90% de cobertura total da aplicação",
          "fullFile": "",
          "file": "",
          "beforeHooks": [],
          "afterHooks": [],
          "tests": [
            {
              "title": "Cobertura de \"Statements\" total deverá ser maior ou igual a 90.",
              "fullTitle": "10 - Desenvolva testes para atingir 90% de cobertura total da aplicação Cobertura de \"Statements\" total deverá ser maior ou igual a 90.",
              "timedOut": null,
              "duration": 113,
              "state": "passed",
              "speed": "fast",
              "pass": true,
              "fail": false,
              "pending": false,
              "context": null,
              "code": "cy.task('getCoverage', (0, _getId.getId)()).its('total.statements.pct', {\n  timeout: 0\n}).should('be.gte', 90.00);",
              "err": {},
              "uuid": "ed20c020-aad3-4dfc-9c08-99e23611163f",
              "parentUUID": "095355bd-0708-4a0e-99ad-33a996142b71",
              "isHook": false,
              "skipped": false
            },
            {
              "title": "Cobertura de \"Functions\" total deverá ser maior ou igual a 90.",
              "fullTitle": "10 - Desenvolva testes para atingir 90% de cobertura total da aplicação Cobertura de \"Functions\" total deverá ser maior ou igual a 90.",
              "timedOut": null,
              "duration": 52,
              "state": "passed",
              "speed": "fast",
              "pass": true,
              "fail": false,
              "pending": false,
              "context": null,
              "code": "cy.task('getCoverage', (0, _getId.getId)()).its('total.functions.pct', {\n  timeout: 0\n}).should('be.gte', 90.00);",
              "err": {},
              "uuid": "935bf451-bff4-4214-893c-53d74ee85e91",
              "parentUUID": "095355bd-0708-4a0e-99ad-33a996142b71",
              "isHook": false,
              "skipped": false
            },
            {
              "title": "Cobertura de \"Branches\" total deverá ser maior ou igual a 90.",
              "fullTitle": "10 - Desenvolva testes para atingir 90% de cobertura total da aplicação Cobertura de \"Branches\" total deverá ser maior ou igual a 90.",
              "timedOut": null,
              "duration": 42,
              "state": "passed",
              "speed": "fast",
              "pass": true,
              "fail": false,
              "pending": false,
              "context": null,
              "code": "cy.task('getCoverage', (0, _getId.getId)()).its('total.branches.pct', {\n  timeout: 0\n}).should('be.gte', 90.00);",
              "err": {},
              "uuid": "d2ca5652-83e7-4bb4-b8ed-87610e8276c5",
              "parentUUID": "095355bd-0708-4a0e-99ad-33a996142b71",
              "isHook": false,
              "skipped": false
            },
            {
              "title": "Cobertura de \"Lines\" total deverá ser maior ou igual a 90.",
              "fullTitle": "10 - Desenvolva testes para atingir 90% de cobertura total da aplicação Cobertura de \"Lines\" total deverá ser maior ou igual a 90.",
              "timedOut": null,
              "duration": 37,
              "state": "passed",
              "speed": "fast",
              "pass": true,
              "fail": false,
              "pending": false,
              "context": null,
              "code": "cy.task('getCoverage', (0, _getId.getId)()).its('total.lines.pct', {\n  timeout: 0\n}).should('be.gte', 90.00);",
              "err": {},
              "uuid": "c7031922-776a-43cd-9159-501aaed61bb8",
              "parentUUID": "095355bd-0708-4a0e-99ad-33a996142b71",
              "isHook": false,
              "skipped": false
            }
          ],
          "suites": [],
          "passes": [
            "ed20c020-aad3-4dfc-9c08-99e23611163f",
            "935bf451-bff4-4214-893c-53d74ee85e91",
            "d2ca5652-83e7-4bb4-b8ed-87610e8276c5",
            "c7031922-776a-43cd-9159-501aaed61bb8"
          ],
          "failures": [],
          "pending": [],
          "skipped": [],
          "duration": 244,
          "root": false,
          "rootEmpty": false,
          "_timeout": 2000
        }
      ],
      "passes": [],
      "failures": [],
      "pending": [],
      "skipped": [],
      "duration": 0,
      "root": true,
      "rootEmpty": true,
      "_timeout": 2000
    }
  ],
  "meta": {
    "mocha": {
      "version": "7.0.1"
    },
    "mochawesome": {
      "options": {
        "quiet": false,
        "reportFilename": "mochawesome",
        "saveHtml": false,
        "saveJson": true,
        "consoleReporter": "spec",
        "useInlineDiffs": false,
        "code": true
      },
      "version": "7.1.3"
    },
    "marge": {
      "options": {
        "id": "default",
        "reportDir": "cypress/reports",
        "overwrite": false,
        "html": false,
        "json": true
      },
      "version": "6.2.0"
    }
  }
}